=== 2048
Building 2048...
=== blueMSX
Building bluemsx...
=== DOSBox
Building dosbox...
=== SNES9x 2005
Building snes9x2005...
=== ChimeraSNES
Building chimerasnes...
=== FinalBurn Neo
Building fbneo...
=== FCEUmm
Building fceumm...
=== fMSX
Building fmsx...
=== Gambatte
Building gambatte...
=== Handy
Building handy...
=== Stella
Building stella...
=== Nestopia
Building nestopia...
=== Numero
Building numero...
=== NXEngine
Building nxengine...
=== PrBoom
Building prboom...
=== QuickNES
Building quicknes...
=== SNES9x 2010
Building snes9x2010...
=== TyrQuake
Building tyrquake...
=== VBA Next
Building vba_next...
=== vecx
Building vecx...
=== mGBA
Building mgba...
=== Genesis Plus GX
Building genesis_plus_gx...
=== bsnes C++98 (v0.85)
Building bsnes_cplusplus98...
=== MAME 2003 (0.78)
Building mame2003...
=== Mednafen/Beetle GBA
Building mednafen_gba...
=== Mednafen/Beetle PCE FAST
Building mednafen_pce_fast...
=== Mednafen/Beetle SuperGrafx
Building mednafen_supergrafx...
=== Mednafen/Beetle VB
Building mednafen_vb...
=== Mednafen/Beetle WonderSwan
Building mednafen_wswan...
=== Mu
Building mu...
=== Game & Watch
Building gw...
=== ProSystem
Building prosystem...
=== 81
Building 81...
=== Fuse
Building fuse...
=== Lutro
Building lutro...
=== TGB Dual
Building tgbdual...
=== gpSP
Building gpsp...
=== O2EM
Building o2em...
=== Opera
Building opera...
=== DeSmuME
Building desmume...
=== DeSmuME 2015
Building desmume2015...
=== Picodrive
Building picodrive...
=== Virtual Jaguar
Building virtualjaguar...
=== mupen64plus
Building mupen64plus...
=== 3DEngine
Building 3dengine...
=== SNES9x
Building snes9x...
=== VBA-M
Building vbam...
=== ScummVM
Building scummvm...
=== Mednafen/Beetle PC-FX
Building mednafen_pcfx...
=== Mednafen/Beetle PSX
Building mednafen_psx...
=== Mednafen/Beetle PSX HW
Building mednafen_psx_hw...
=== Mednafen/Beetle bsnes
Building mednafen_snes...
=== Yabause
Building yabause...
=== Hatari
Building hatari...
=== Meteor
Building meteor...
=== MAME 2010 (0.139)
Building mame2010...
=== Dinothawr
Building dinothawr...
=== Dungeon Crawl Stone Soup
Building stonesoup...
=== bsnes/higan 2014 (Accuracy)
Building bsnes_accuracy...
=== bsnes/higan 2014 (Balanced)
Building bsnes_balanced...
=== bsnes/higan 2014 (Performance)
Building bsnes_performance...
=== bsnes/higan Mercury (Accuracy)
Building bsnes_mercury_accuracy...
=== bsnes/higan Mercury (Balanced)
Building bsnes_mercury_balanced...
=== bsnes/higan Mercury (Performance)
Building bsnes_mercury_performance...
=== Emux
Building emux...
=== PCSX ReARMed
Building pcsx_rearmed...
=== FFmpeg
Building ffmpeg...
=== PPSSPP
Building ppsspp...
=== bnes/higan
Building bnes...
42 core(s) failed:
   2048 bluemsx dosbox snes9x2005 chimerasnes fbneo fceumm fmsx
   gambatte handy nestopia numero nxengine prboom quicknes snes9x2010
   genesis_plus_gx bsnes_cplusplus98 mame2003 mednafen_pce_fast
   mednafen_supergrafx mednafen_wswan mu lutro gpsp opera desmume
   desmume2015 3dengine snes9x mednafen_pcfx mednafen_psx mednafen_psx_hw
   hatari mame2010 dinothawr stonesoup pcsx_rearmed ffmpeg bnes
   testgl test
